<?xml version="1.0" encoding="utf-8"?><testsuites name="pytest tests"><testsuite name="pytest" errors="0" failures="0" skipped="0" tests="23" time="9.413" timestamp="2026-05-27T16:24:09.291731+00:00" hostname="agent-env-f999eb38-5d9b-4444-9c16-1871d39d90c8"><testcase classname="backend.tests.backend_test.TestAuth" name="test_register_and_login_new_user" time="1.143" /><testcase classname="backend.tests.backend_test.TestAuth" name="test_register_duplicate" time="0.140" /><testcase classname="backend.tests.backend_test.TestAuth" name="test_login_invalid" time="0.176" /><testcase classname="backend.tests.backend_test.TestAuth" name="test_me_with_bearer" time="0.601" /><testcase classname="backend.tests.backend_test.TestAuth" name="test_me_unauthorized" time="0.122" /><testcase classname="backend.tests.backend_test.TestBooks" name="test_list_books" time="0.183" /><testcase classname="backend.tests.backend_test.TestBooks" name="test_get_single_book" time="0.259" /><testcase classname="backend.tests.backend_test.TestBooks" name="test_book_not_found" time="0.161" /><testcase classname="backend.tests.backend_test.TestBooks" name="test_admin_create_update_delete_book" time="1.108" /><testcase classname="backend.tests.backend_test.TestBooks" name="test_non_admin_cannot_create_book" time="0.174" /><testcase classname="backend.tests.backend_test.TestOrders" name="test_create_order_and_list" time="0.462" /><testcase classname="backend.tests.backend_test.TestOrders" name="test_orders_require_auth" time="0.154" /><testcase classname="backend.tests.backend_test.TestPayment" name="test_payment_checkout_requires_auth" time="0.115" /><testcase classname="backend.tests.backend_test.TestPayment" name="test_payment_checkout_creates_session" time="1.441" /><testcase classname="backend.tests.backend_test.TestAnnouncements" name="test_customer_cannot_read_announcements" time="0.192" /><testcase classname="backend.tests.backend_test.TestAnnouncements" name="test_admin_can_create_list_delete_announcement" time="0.402" /><testcase classname="backend.tests.backend_test.TestSchedule" name="test_admin_create_and_delete_schedule" time="0.557" /><testcase classname="backend.tests.backend_test.TestSchedule" name="test_customer_cannot_create_schedule" time="0.131" /><testcase classname="backend.tests.backend_test.TestChat" name="test_admin_can_post_and_get_chat" time="0.275" /><testcase classname="backend.tests.backend_test.TestChat" name="test_customer_cannot_access_chat" time="0.121" /><testcase classname="backend.tests.backend_test.TestUsersAdmin" name="test_admin_list_users" time="0.121" /><testcase classname="backend.tests.backend_test.TestUsersAdmin" name="test_customer_cannot_list_users" time="0.142" /><testcase classname="backend.tests.backend_test.TestUsersAdmin" name="test_update_user_role" time="0.808" /></testsuite></testsuites>